desc: --massif-out-file=massif.out
cmd: ./cd arg1 arg2
time_unit: i
#-----------
snapshot=0
#-----------
time=0
mem_heap_B=0
mem_heap_extra_B=0
mem_stacks_B=0
heap_tree=empty
#-----------
snapshot=1
#-----------
time=156127
mem_heap_B=1024
mem_heap_extra_B=8
mem_stacks_B=0
heap_tree=empty
#-----------
snapshot=2
#-----------
time=158868
mem_heap_B=2048
mem_heap_extra_B=16
mem_stacks_B=0
heap_tree=empty
#-----------
snapshot=3
#-----------
time=167275
mem_heap_B=2048
mem_heap_extra_B=16
mem_stacks_B=0
heap_tree=peak
n1: 2048 (heap allocation functions) malloc/new/new[], --alloc-fns, etc.
 n1: 2048 0x48CDB0B: _IO_file_doallocate (filedoalloc.c:91)
  n1: 2048 0x48DDD05: _IO_doallocbuf (genops.c:373)
   n2: 2048 0x48DDD05: _IO_doallocbuf (genops.c:368)
    n1: 1024 0x48DB7ED: _IO_file_underflow@@GLIBC_2.2.5 (fileops.c:520)
     n1: 1024 0x48DDDF2: _IO_default_uflow (genops.c:388)
      n1: 1024 0x48B4BF7: __vfscanf_internal (vfscanf-internal.c:676)
       n1: 1024 0x48A7BB5: __isoc23_scanf (isoc23_scanf.c:30)
        n0: 1024 0x4004A2: main (in /home/emilija/Documents/zero2_hero_c/cd)
    n1: 1024 0x48DBB98: _IO_file_overflow@@GLIBC_2.2.5 (fileops.c:779)
     n1: 1024 0x48DC7AA: _IO_new_file_xsputn (fileops.c:1305)
      n1: 1024 0x48DC7AA: _IO_file_xsputn@@GLIBC_2.2.5 (fileops.c:1258)
       n1: 1024 0x48A8AA5: __printf_buffer_flush_to_file (printf_buffer_to_file.c:59)
        n1: 1024 0x48A8B8B: __printf_buffer_to_file_done (printf_buffer_to_file.c:120)
         n1: 1024 0x48B4393: __vfprintf_internal (vfprintf-internal.c:1544)
          n1: 1024 0x48A8232: printf (printf.c:33)
           n0: 1024 0x40048C: main (in /home/emilija/Documents/zero2_hero_c/cd)
#-----------
snapshot=4
#-----------
time=167275
mem_heap_B=1024
mem_heap_extra_B=8
mem_stacks_B=0
heap_tree=empty
#-----------
snapshot=5
#-----------
time=167310
mem_heap_B=0
mem_heap_extra_B=0
mem_stacks_B=0
heap_tree=empty
